[    0.000000] Initializing cgroup subsys cpuset
[    0.000000] Initializing cgroup subsys cpu
[    0.000000] Initializing cgroup subsys cpuacct
[    0.000000] Linux version 4.4.0-170-generic (buildd@lcy01-amd64-019) (gcc version 5.4.0 20160609 (Ubuntu 5.4.0-6ubuntu1~16.04.12) ) #199-Ubuntu SMP Thu Nov 14 01:45:04 UTC 2019 (Ubuntu 4.4.0-170.199-generic 4.4.200)
[    0.000000] Command line: BOOT_IMAGE=/boot/vmlinuz-4.4.0-170-generic root=LABEL=cloudimg-rootfs ro console=tty1 console=ttyS0
[    0.000000] KERNEL supported cpus:
[    0.000000]   Intel GenuineIntel
[    0.000000]   AMD AuthenticAMD
[    0.000000]   Centaur CentaurHauls
[    0.000000] x86/fpu: xstate_offset[2]:  576, xstate_sizes[2]:  256
[    0.000000] x86/fpu: Supporting XSAVE feature 0x01: 'x87 floating point registers'
[    0.000000] x86/fpu: Supporting XSAVE feature 0x02: 'SSE registers'
[    0.000000] x86/fpu: Supporting XSAVE feature 0x04: 'AVX registers'
[    0.000000] x86/fpu: Enabled xstate features 0x7, context size is 832 bytes, using 'standard' format.
[    0.000000] e820: BIOS-provided physical RAM map:
[    0.000000] BIOS-e820: [mem 0x0000000000000000-0x000000000009fbff] usable
[    0.000000] BIOS-e820: [mem 0x000000000009fc00-0x000000000009ffff] reserved
[    0.000000] BIOS-e820: [mem 0x00000000000f0000-0x00000000000fffff] reserved
[    0.000000] BIOS-e820: [mem 0x0000000000100000-0x00000000dffeffff] usable
[    0.000000] BIOS-e820: [mem 0x00000000dfff0000-0x00000000dfffffff] ACPI data
[    0.000000] BIOS-e820: [mem 0x00000000fec00000-0x00000000fec00fff] reserved
[    0.000000] BIOS-e820: [mem 0x00000000fee00000-0x00000000fee00fff] reserved
[    0.000000] BIOS-e820: [mem 0x00000000fffc0000-0x00000000ffffffff] reserved
[    0.000000] BIOS-e820: [mem 0x0000000100000000-0x000000011fffffff] usable
[    0.000000] NX (Execute Disable) protection: active
[    0.000000] SMBIOS 2.5 present.
[    0.000000] Hypervisor detected: KVM
[    0.000000] Kernel/User page tables isolation: disabled
[    0.000000] e820: last_pfn = 0x120000 max_arch_pfn = 0x400000000
[    0.000000] MTRR: Disabled
[    0.000000] x86/PAT: MTRRs disabled, skipping PAT initialization too.
[    0.000000] CPU MTRRs all blank - virtualized system.
[    0.000000] x86/PAT: Configuration [0-7]: WB  WT  UC- UC  WB  WT  UC- UC  
[    0.000000] e820: last_pfn = 0xdfff0 max_arch_pfn = 0x400000000
[    0.000000] found SMP MP-table at [mem 0x0009fff0-0x0009ffff] mapped at [ffff88000009fff0]
[    0.000000] Scanning 1 areas for low memory corruption
[    0.000000] RAMDISK: [mem 0x362f8000-0x37173fff]
[    0.000000] ACPI: Early table checksum verification disabled
[    0.000000] ACPI: RSDP 0x00000000000E0000 000024 (v02 VBOX  )
[    0.000000] ACPI: XSDT 0x00000000DFFF0030 00003C (v01 VBOX   VBOXXSDT 00000001 ASL  00000061)
[    0.000000] ACPI: FACP 0x00000000DFFF00F0 0000F4 (v04 VBOX   VBOXFACP 00000001 ASL  00000061)
[    0.000000] ACPI: DSDT 0x00000000DFFF0480 0022EA (v02 VBOX   VBOXBIOS 00000002 INTL 20100528)
[    0.000000] ACPI: FACS 0x00000000DFFF0200 000040
[    0.000000] ACPI: FACS 0x00000000DFFF0200 000040
[    0.000000] ACPI: APIC 0x00000000DFFF0240 00006C (v02 VBOX   VBOXAPIC 00000001 ASL  00000061)
[    0.000000] ACPI: SSDT 0x00000000DFFF02B0 0001CC (v01 VBOX   VBOXCPUT 00000002 INTL 20100528)
[    0.000000] No NUMA configuration found
[    0.000000] Faking a node at [mem 0x0000000000000000-0x000000011fffffff]
[    0.000000] NODE_DATA(0) allocated [mem 0x11fff7000-0x11fffbfff]
[    0.000000] kvm-clock: Using msrs 4b564d01 and 4b564d00
[    0.000000] kvm-clock: cpu 0, msr 1:1ffef001, primary cpu clock
[    0.000000] kvm-clock: using sched offset of 3029645566 cycles
[    0.000000] clocksource: kvm-clock: mask: 0xffffffffffffffff max_cycles: 0x1cd42e4dffb, max_idle_ns: 881590591483 ns
[    0.000000] Zone ranges:
[    0.000000]   DMA      [mem 0x0000000000001000-0x0000000000ffffff]
[    0.000000]   DMA32    [mem 0x0000000001000000-0x00000000ffffffff]
[    0.000000]   Normal   [mem 0x0000000100000000-0x000000011fffffff]
[    0.000000]   Device   empty
[    0.000000] Movable zone start for each node
[    0.000000] Early memory node ranges
[    0.000000]   node   0: [mem 0x0000000000001000-0x000000000009efff]
[    0.000000]   node   0: [mem 0x0000000000100000-0x00000000dffeffff]
[    0.000000]   node   0: [mem 0x0000000100000000-0x000000011fffffff]
[    0.000000] Initmem setup node 0 [mem 0x0000000000001000-0x000000011fffffff]
[    0.000000] ACPI: PM-Timer IO Port: 0x4008
[    0.000000] IOAPIC[0]: apic_id 4, version 32, address 0xfec00000, GSI 0-23
[    0.000000] ACPI: INT_SRC_OVR (bus 0 bus_irq 0 global_irq 2 dfl dfl)
[    0.000000] ACPI: INT_SRC_OVR (bus 0 bus_irq 9 global_irq 9 low level)
[    0.000000] Using ACPI (MADT) for SMP configuration information
[    0.000000] smpboot: Allowing 4 CPUs, 0 hotplug CPUs
[    0.000000] PM: Registered nosave memory: [mem 0x00000000-0x00000fff]
[    0.000000] PM: Registered nosave memory: [mem 0x0009f000-0x0009ffff]
[    0.000000] PM: Registered nosave memory: [mem 0x000a0000-0x000effff]
[    0.000000] PM: Registered nosave memory: [mem 0x000f0000-0x000fffff]
[    0.000000] PM: Registered nosave memory: [mem 0xdfff0000-0xdfffffff]
[    0.000000] PM: Registered nosave memory: [mem 0xe0000000-0xfebfffff]
[    0.000000] PM: Registered nosave memory: [mem 0xfec00000-0xfec00fff]
[    0.000000] PM: Registered nosave memory: [mem 0xfec01000-0xfedfffff]
[    0.000000] PM: Registered nosave memory: [mem 0xfee00000-0xfee00fff]
[    0.000000] PM: Registered nosave memory: [mem 0xfee01000-0xfffbffff]
[    0.000000] PM: Registered nosave memory: [mem 0xfffc0000-0xffffffff]
[    0.000000] e820: [mem 0xe0000000-0xfebfffff] available for PCI devices
[    0.000000] Booting paravirtualized kernel on KVM
[    0.000000] clocksource: refined-jiffies: mask: 0xffffffff max_cycles: 0xffffffff, max_idle_ns: 7645519600211568 ns
[    0.000000] setup_percpu: NR_CPUS:512 nr_cpumask_bits:512 nr_cpu_ids:4 nr_node_ids:1
[    0.000000] PERCPU: Embedded 33 pages/cpu @ffff88011fc00000 s95448 r8192 d31528 u524288
[    0.000000] Built 1 zonelists in Node order, mobility grouping on.  Total pages: 1032056
[    0.000000] Policy zone: Normal
[    0.000000] Kernel command line: BOOT_IMAGE=/boot/vmlinuz-4.4.0-170-generic root=LABEL=cloudimg-rootfs ro console=tty1 console=ttyS0
[    0.000000] PID hash table entries: 4096 (order: 3, 32768 bytes)
[    0.000000] Memory: 4027972K/4193848K available (8626K kernel code, 1336K rwdata, 4036K rodata, 1488K init, 1288K bss, 165876K reserved, 0K cma-reserved)
[    0.000000] SLUB: HWalign=64, Order=0-3, MinObjects=0, CPUs=4, Nodes=1
[    0.000000] Hierarchical RCU implementation.
[    0.000000] 	Build-time adjustment of leaf fanout to 64.
[    0.000000] 	RCU restricting CPUs from NR_CPUS=512 to nr_cpu_ids=4.
[    0.000000] RCU: Adjusting geometry for rcu_fanout_leaf=64, nr_cpu_ids=4
[    0.000000] NR_IRQS:33024 nr_irqs:456 16
[    0.000000] Console: colour VGA+ 80x25
[    0.000000] console [tty1] enabled
[    0.000000] console [ttyS0] enabled
[    0.000000] tsc: Detected 3599.996 MHz processor
[    0.172459] Calibrating delay loop (skipped) preset value.. 7199.99 BogoMIPS (lpj=14399984)
[    0.173668] pid_max: default: 32768 minimum: 301
[    0.174302] ACPI: Core revision 20150930
[    0.175421] ACPI: 2 ACPI AML tables successfully acquired and loaded
[    0.176287] Security Framework initialized
[    0.176833] Yama: becoming mindful.
[    0.177551] AppArmor: AppArmor initialized
[    0.179900] Dentry cache hash table entries: 524288 (order: 10, 4194304 bytes)
[    0.184440] Inode-cache hash table entries: 262144 (order: 9, 2097152 bytes)
[    0.185611] Mount-cache hash table entries: 8192 (order: 4, 65536 bytes)
[    0.186635] Mountpoint-cache hash table entries: 8192 (order: 4, 65536 bytes)
[    0.187714] Initializing cgroup subsys io
[    0.188398] Initializing cgroup subsys memory
[    0.189013] Initializing cgroup subsys devices
[    0.189594] Initializing cgroup subsys freezer
[    0.190178] Initializing cgroup subsys net_cls
[    0.190943] Initializing cgroup subsys perf_event
[    0.191594] Initializing cgroup subsys net_prio
[    0.192810] Initializing cgroup subsys hugetlb
[    0.193390] Initializing cgroup subsys pids
[    0.194916] mce: CPU supports 0 MCE banks
[    0.195470] Last level iTLB entries: 4KB 64, 2MB 8, 4MB 8
[    0.196155] Last level dTLB entries: 4KB 64, 2MB 0, 4MB 0, 1GB 4
[    0.196925] Spectre V1 : Mitigation: usercopy/swapgs barriers and __user pointer sanitization
[    0.198020] Spectre V2 : Mitigation: Enhanced IBRS
[    0.198631] Spectre V2 : Spectre v2 / SpectreRSB mitigation: Filling RSB on context switch
[    0.199691] Speculative Store Bypass: Vulnerable
[    0.202210] Freeing SMP alternatives memory: 36K
[    0.207305] ftrace: allocating 32302 entries in 127 pages
[    0.241210] smpboot: APIC(0) Converting physical 0 to logical package 0
[    0.242259] smpboot: Max logical packages: 1
[    0.243174] x2apic enabled
[    0.243928] Switched APIC routing to physical x2apic.
[    0.245536] ..TIMER: vector=0x30 apic1=0 pin1=2 apic2=-1 pin2=-1
[    0.354568] smpboot: CPU0: Intel(R) Core(TM) i9-9900K CPU @ 3.60GHz (family: 0x6, model: 0x9e, stepping: 0xd)
[    0.356351] Performance Events: unsupported p6 CPU model 158 no PMU driver, software events only.
[    0.363163] KVM setup paravirtual spinlock
[    0.365467] x86: Booting SMP configuration:
[    0.366164] .... node  #0, CPUs:      #1
[    0.367034] kvm-clock: cpu 1, msr 1:1ffef041, secondary cpu clock
[    0.368712] mce: CPU supports 0 MCE banks
[    0.371225]  #2
[    0.371607] kvm-clock: cpu 2, msr 1:1ffef081, secondary cpu clock
[    0.373505] mce: CPU supports 0 MCE banks
[    0.376015]  #3
[    0.376370] kvm-clock: cpu 3, msr 1:1ffef0c1, secondary cpu clock
[    0.378008] mce: CPU supports 0 MCE banks
[    0.380463] x86: Booted up 1 node, 4 CPUs
[    0.381304] smpboot: Total of 4 processors activated (28799.96 BogoMIPS)
[    0.382902] devtmpfs: initialized
[    0.384901] evm: security.selinux
[    0.385480] evm: security.SMACK64
[    0.386108] evm: security.SMACK64EXEC
[    0.386773] evm: security.SMACK64TRANSMUTE
[    0.387505] evm: security.SMACK64MMAP
[    0.388219] evm: security.ima
[    0.388863] evm: security.capability
[    0.389643] clocksource: jiffies: mask: 0xffffffff max_cycles: 0xffffffff, max_idle_ns: 7645041785100000 ns
[    0.391134] futex hash table entries: 1024 (order: 4, 65536 bytes)
[    0.392290] pinctrl core: initialized pinctrl subsystem
[    0.393194] RTC time: 16:37:20, date: 07/07/21
[    0.394187] NET: Registered protocol family 16
[    0.409352] cpuidle: using governor ladder
[    0.424974] cpuidle: using governor menu
[    0.425834] PCCT header not found.
[    0.426475] ACPI: bus type PCI registered
[    0.427198] acpiphp: ACPI Hot Plug PCI Controller Driver version: 0.5
[    0.428329] PCI: Using configuration type 1 for base access
[    0.443200] ACPI: Added _OSI(Module Device)
[    0.443901] ACPI: Added _OSI(Processor Device)
[    0.444760] ACPI: Added _OSI(3.0 _SCP Extensions)
[    0.445498] ACPI: Added _OSI(Processor Aggregator Device)
[    0.447041] ACPI: Executed 1 blocks of module-level executable AML code
[    0.449406] ACPI: Interpreter enabled
[    0.450051] ACPI: (supports S0 S5)
[    0.450711] ACPI: Using IOAPIC for interrupt routing
[    0.451564] PCI: Using host bridge windows from ACPI; if necessary, use "pci=nocrs" and report a bug
[    0.455269] ACPI: PCI Root Bridge [PCI0] (domain 0000 [bus 00-ff])
[    0.456164] acpi PNP0A03:00: _OSC: OS supports [ASPM ClockPM Segments MSI]
[    0.457422] acpi PNP0A03:00: _OSC: not requesting OS control; OS requires [ExtendedConfig ASPM ClockPM MSI]
[    0.458944] acpi PNP0A03:00: fail to add MMCONFIG information, can't access extended PCI configuration space under this bridge.
[    0.461030] PCI host bridge to bus 0000:00
[    0.461958] pci_bus 0000:00: root bus resource [io  0x0000-0x0cf7 window]
[    0.469847] pci_bus 0000:00: root bus resource [io  0x0d00-0xffff window]
[    0.470997] pci_bus 0000:00: root bus resource [mem 0x000a0000-0x000bffff window]
[    0.472495] pci_bus 0000:00: root bus resource [mem 0xe0000000-0xfdffffff window]
[    0.473731] pci_bus 0000:00: root bus resource [bus 00-ff]
[    0.475789] pci 0000:00:01.1: legacy IDE quirk: reg 0x10: [io  0x01f0-0x01f7]
[    0.476924] pci 0000:00:01.1: legacy IDE quirk: reg 0x14: [io  0x03f6]
[    0.477918] pci 0000:00:01.1: legacy IDE quirk: reg 0x18: [io  0x0170-0x0177]
[    0.478990] pci 0000:00:01.1: legacy IDE quirk: reg 0x1c: [io  0x0376]
[    0.503720] pci 0000:00:07.0: quirk: [io  0x4000-0x403f] claimed by PIIX4 ACPI
[    0.505078] pci 0000:00:07.0: quirk: [io  0x4100-0x410f] claimed by PIIX4 SMB
[    0.520329] ACPI: PCI Interrupt Link [LNKA] (IRQs 5 9 10 *11)
[    0.521913] ACPI: PCI Interrupt Link [LNKB] (IRQs 5 9 *10 11)
[    0.523259] ACPI: PCI Interrupt Link [LNKC] (IRQs 5 *9 10 11)
[    0.524277] ACPI: PCI Interrupt Link [LNKD] (IRQs 5 9 10 *11)
[    0.525322] ACPI: Enabled 2 GPEs in block 00 to 07
[    0.526185] vgaarb: setting as boot device: PCI:0000:00:02.0
[    0.526891] vgaarb: device added: PCI:0000:00:02.0,decodes=io+mem,owns=io+mem,locks=none
[    0.528037] vgaarb: loaded
[    0.528473] vgaarb: bridge control possible 0000:00:02.0
[    0.529276] SCSI subsystem initialized
[    0.529915] ACPI: bus type USB registered
[    0.530487] usbcore: registered new interface driver usbfs
[    0.531180] usbcore: registered new interface driver hub
[    0.532086] usbcore: registered new device driver usb
[    0.532932] PCI: Using ACPI for IRQ routing
[    0.533690] NetLabel: Initializing
[    0.534185] NetLabel:  domain hash size = 128
[    0.534774] NetLabel:  protocols = UNLABELED CIPSOv4
[    0.535420] NetLabel:  unlabeled traffic allowed by default
[    0.536241] amd_nb: Cannot enumerate AMD northbridges
[    0.539311] clocksource: Switched to clocksource kvm-clock
[    0.545580] AppArmor: AppArmor Filesystem Enabled
[    0.546392] pnp: PnP ACPI init
[    0.547470] pnp: PnP ACPI: found 3 devices
[    0.556080] clocksource: acpi_pm: mask: 0xffffff max_cycles: 0xffffff, max_idle_ns: 2085701024 ns
[    0.557487] NET: Registered protocol family 2
[    0.558284] TCP established hash table entries: 32768 (order: 6, 262144 bytes)
[    0.559700] TCP bind hash table entries: 32768 (order: 7, 524288 bytes)
[    0.561807] TCP: Hash tables configured (established 32768 bind 32768)
[    0.562796] UDP hash table entries: 2048 (order: 4, 65536 bytes)
[    0.563723] UDP-Lite hash table entries: 2048 (order: 4, 65536 bytes)
[    0.564814] NET: Registered protocol family 1
[    0.565594] pci 0000:00:00.0: Limiting direct PCI/PCI transfers
[    0.566554] pci 0000:00:01.0: Activating ISA DMA hang workarounds
[    0.567604] Unpacking initramfs...
[    0.733195] Freeing initrd memory: 14832K
[    0.733876] PCI-DMA: Using software bounce buffering for IO (SWIOTLB)
[    0.734914] software IO TLB: mapped [mem 0xdbff0000-0xdfff0000] (64MB)
[    0.736023] clocksource: tsc: mask: 0xffffffffffffffff max_cycles: 0x33e44fb235b, max_idle_ns: 440795341910 ns
[    0.737674] platform rtc_cmos: registered platform RTC device (no PNP device found)
[    0.739052] Scanning for low memory corruption every 60 seconds
[    0.740416] audit: initializing netlink subsys (disabled)
[    0.742444] audit: type=2000 audit(1625675845.595:1): initialized
[    0.743530] Initialise system trusted keyring
[    0.744490] HugeTLB registered 2 MB page size, pre-allocated 0 pages
[    0.746223] zbud: loaded
[    0.746991] VFS: Disk quotas dquot_6.6.0
[    0.747801] VFS: Dquot-cache hash table entries: 512 (order 0, 4096 bytes)
[    0.748977] squashfs: version 4.0 (2009/01/31) Phillip Lougher
[    0.750184] fuse init (API version 7.23)
[    0.751013] Key type big_key registered
[    0.751778] Allocating IMA MOK and blacklist keyrings.
[    0.754542] Key type asymmetric registered
[    0.755227] Asymmetric key parser 'x509' registered
[    0.756121] Block layer SCSI generic (bsg) driver version 0.4 loaded (major 249)
[    0.757419] io scheduler noop registered
[    0.758111] io scheduler deadline registered (default)
[    0.758967] io scheduler cfq registered
[    0.759809] pci_hotplug: PCI Hot Plug PCI Core version: 0.5
[    0.760746] pciehp: PCI Express Hot Plug Controller Driver version: 0.4
[    0.761869] ACPI: AC Adapter [AC] (on-line)
[    0.762605] input: Power Button as /devices/LNXSYSTM:00/LNXPWRBN:00/input/input0
[    0.763942] ACPI: Power Button [PWRF]
[    0.764648] input: Sleep Button as /devices/LNXSYSTM:00/LNXSLPBN:00/input/input1
[    0.765892] ACPI: Sleep Button [SLPF]
[    0.766747] GHES: HEST is not enabled!
[    0.768457] ACPI: Battery Slot [BAT0] (battery present)
[    0.768549] Serial: 8250/16550 driver, 32 ports, IRQ sharing enabled
[    0.789373] 00:02: ttyS0 at I/O 0x3f8 (irq = 4, base_baud = 115200) is a 16550A
[    0.792804] Linux agpgart interface v0.103
[    0.795070] loop: module loaded
[    0.796125] scsi host0: ata_piix
[    0.796834] scsi host1: ata_piix
[    0.797454] ata1: PATA max UDMA/33 cmd 0x1f0 ctl 0x3f6 bmdma 0xd000 irq 14
[    0.798432] ata2: PATA max UDMA/33 cmd 0x170 ctl 0x376 bmdma 0xd008 irq 15
[    0.799478] libphy: Fixed MDIO Bus: probed
[    0.800253] tun: Universal TUN/TAP device driver, 1.6
[    0.801119] tun: (C) 1999-2004 Max Krasnyansky <maxk@qualcomm.com>
[    0.802149] PPP generic driver version 2.4.2
[    0.803001] ehci_hcd: USB 2.0 'Enhanced' Host Controller (EHCI) Driver
[    0.804068] ehci-pci: EHCI PCI platform driver
[    0.804792] ehci-platform: EHCI generic platform driver
[    0.805692] ohci_hcd: USB 1.1 'Open' Host Controller (OHCI) Driver
[    0.806604] ohci-pci: OHCI PCI platform driver
[    0.807310] ohci-platform: OHCI generic platform driver
[    0.808223] uhci_hcd: USB Universal Host Controller Interface driver
[    0.809179] i8042: PNP: PS/2 Controller [PNP0303:PS2K,PNP0f03:PS2M] at 0x60,0x64 irq 1,12
[    0.810933] serio: i8042 KBD port at 0x60,0x64 irq 1
[    0.811844] serio: i8042 AUX port at 0x60,0x64 irq 12
[    0.812833] mousedev: PS/2 mouse device common for all mice
[    0.814035] input: AT Translated Set 2 keyboard as /devices/platform/i8042/serio0/input/input2
[    0.815829] rtc_cmos rtc_cmos: rtc core: registered rtc_cmos as rtc0
[    0.816888] rtc_cmos rtc_cmos: alarms up to one day, 114 bytes nvram
[    0.817968] i2c /dev entries driver
[    0.818599] device-mapper: uevent: version 1.0.3
[    0.819422] device-mapper: ioctl: 4.34.0-ioctl (2015-10-28) initialised: dm-devel@redhat.com
[    0.820800] ledtrig-cpu: registered to indicate activity on CPUs
[    0.822476] NET: Registered protocol family 10
[    0.823519] NET: Registered protocol family 17
[    0.824216] Key type dns_resolver registered
[    0.825643] registered taskstats version 1
[    0.826314] Loading compiled-in X.509 certificates
[    0.827424] Loaded X.509 cert 'Build time autogenerated kernel key: f0e56e97f406068ace47a9bf54316e9855aaaa43'
[    0.828976] zswap: loaded using pool lzo/zbud
[    0.831132] Key type trusted registered
[    0.834548] Key type encrypted registered
[    0.835246] AppArmor: AppArmor sha1 policy hashing enabled
[    0.836183] ima: No TPM chip found, activating TPM-bypass!
[    0.837059] ima: Allocated hash algorithm: sha1
[    0.838957] evm: HMAC attrs: 0x1
[    0.839901]   Magic number: 13:808:640
[    0.840702] rtc_cmos rtc_cmos: setting system clock to 2021-07-07 16:37:20 UTC (1625675840)
[    0.842133] BIOS EDD facility v0.16 2004-Jun-25, 0 devices found
[    0.842994] EDD information not available.
[    0.961245] Freeing unused kernel memory: 1488K
[    0.962116] Write protecting the kernel read-only data: 14336k
[    0.963585] Freeing unused kernel memory: 1604K
[    0.964523] Freeing unused kernel memory: 60K
Loading, please wait...
starting version 229
[    0.973447] random: systemd-udevd: uninitialized urandom read (16 bytes read, 1 bits of entropy available)
[    0.973883] random: udevadm: uninitialized urandom read (16 bytes read, 1 bits of entropy available)
[    0.973894] random: udevadm: uninitialized urandom read (16 bytes read, 1 bits of entropy available)
[    0.977977] random: udevadm: uninitialized urandom read (16 bytes read, 1 bits of entropy available)
[    0.977998] random: udevadm: uninitialized urandom read (16 bytes read, 1 bits of entropy available)
[    0.978113] random: udevadm: uninitialized urandom read (16 bytes read, 1 bits of entropy available)
[    0.978139] random: udevadm: uninitialized urandom read (16 bytes read, 1 bits of entropy available)
[    0.978162] random: udevadm: uninitialized urandom read (16 bytes read, 1 bits of entropy available)
[    0.978184] random: udevadm: uninitialized urandom read (16 bytes read, 1 bits of entropy available)
[    0.978207] random: udevadm: uninitialized urandom read (16 bytes read, 1 bits of entropy available)
[    0.999606] e1000: Intel(R) PRO/1000 Network Driver - version 7.3.21-k8-NAPI
[    1.000818] e1000: Copyright (c) 1999-2006 Intel Corporation.
[    1.002016] Fusion MPT base driver 3.04.20
[    1.002804] Copyright (c) 1999-2008 LSI Corporation
[    1.011048] AVX2 version of gcm_enc/dec engaged.
[    1.012088] AES CTR mode by8 optimization enabled
[    1.013485] Fusion MPT SPI Host driver 3.04.20
[    1.204378] input: ImExPS/2 Generic Explorer Mouse as /devices/platform/i8042/serio1/input/input4
[    2.177148] e1000 0000:00:03.0 eth0: (PCI:33MHz:32-bit) 02:bf:1c:77:ff:98
[    2.178359] e1000 0000:00:03.0 eth0: Intel(R) PRO/1000 Network Connection
[    2.755382] e1000 0000:00:08.0 eth1: (PCI:33MHz:32-bit) 08:00:27:bc:d2:aa
[    2.756355] e1000 0000:00:08.0 eth1: Intel(R) PRO/1000 Network Connection
[    2.758163] e1000 0000:00:08.0 enp0s8: renamed from eth1
[    2.758182] mptbase: ioc0: Initiating bringup
[    2.783635] e1000 0000:00:03.0 enp0s3: renamed from eth0
[    2.846185] ioc0: LSI53C1030 A0: Capabilities={Initiator}
[    3.833502] scsi host2: ioc0: LSI53C1030 A0, FwRev=00000000h, Ports=1, MaxQ=256, IRQ=20
[    4.176895] scsi 2:0:0:0: Direct-Access     VBOX     HARDDISK         1.0  PQ: 0 ANSI: 5
[    4.178218] scsi target2:0:0: Beginning Domain Validation
[    4.181196] scsi target2:0:0: Domain Validation skipping write tests
[    4.182348] scsi target2:0:0: Ending Domain Validation
[    4.183250] scsi target2:0:0: asynchronous
[    4.184797] scsi 2:0:1:0: Direct-Access     VBOX     HARDDISK         1.0  PQ: 0 ANSI: 5
[    4.186105] scsi target2:0:1: Beginning Domain Validation
[    4.189206] scsi target2:0:1: Domain Validation skipping write tests
[    4.190361] scsi target2:0:1: Ending Domain Validation
[    4.191282] scsi target2:0:1: asynchronous
[    4.197311] sd 2:0:0:0: [sda] 20971520 512-byte logical blocks: (10.7 GB/10.0 GiB)
[    4.197472] sd 2:0:0:0: Attached scsi generic sg0 type 0
[    4.199651] sd 2:0:0:0: [sda] Write Protect is off
[    4.200555] sd 2:0:1:0: [sdb] 20480 512-byte logical blocks: (10.5 MB/10.0 MiB)
[    4.200557] sd 2:0:1:0: Attached scsi generic sg1 type 0
[    4.202948] sd 2:0:0:0: [sda] Incomplete mode parameter data
[    4.204009] sd 2:0:0:0: [sda] Assuming drive cache: write through
[    4.205069] sd 2:0:1:0: [sdb] Write Protect is off
[    4.206166] sd 2:0:1:0: [sdb] Incomplete mode parameter data
[    4.207030] sd 2:0:1:0: [sdb] Assuming drive cache: write through
[    4.209486]  sda: sda1
[    4.211091] sd 2:0:0:0: [sda] Attached SCSI disk
[    4.212361] sd 2:0:1:0: [sdb] Attached SCSI disk
Begin: Loading essential drivers ... [    5.438229] md: linear personality registered for level -1
[    5.440712] md: multipath personality registered for level -4
[    5.444051] md: raid0 personality registered for level 0
[    5.448575] md: raid1 personality registered for level 1
[    5.520127] raid6: sse2x1   gen() 14261 MB/s
[    5.588031] raid6: sse2x1   xor()  9666 MB/s
[    5.655926] raid6: sse2x2   gen() 19795 MB/s
[    5.724344] raid6: sse2x2   xor() 13429 MB/s
[    5.791314] raid6: sse2x4   gen() 21384 MB/s
[    5.859316] raid6: sse2x4   xor() 13013 MB/s
[    5.927377] raid6: avx2x1   gen() 28191 MB/s
[    5.995318] raid6: avx2x2   gen() 36206 MB/s
[    6.063326] raid6: avx2x4   gen() 39990 MB/s
[    6.064035] raid6: using algorithm avx2x4 gen() 39990 MB/s
[    6.064908] raid6: using avx2x2 recovery algorithm
[    6.066817] xor: automatically using best checksumming function:
[    6.107410]    avx       : 34523.000 MB/sec
[    6.109080] async_tx: api initialized (async)
[    6.123608] md: raid6 personality registered for level 6
[    6.124488] md: raid5 personality registered for level 5
[    6.125285] md: raid4 personality registered for level 4
[    6.130983] md: raid10 personality registered for level 10
done.
Begin: Running /scripts/init-premount ... done.
Begin: Mounting root file system ... Begin: Running /scripts/local-top ... done.
Begin: Running /scripts/local-premount ... [    6.155157] Btrfs loaded
Scanning for Btrfs filesystems
done.
Warning: fsck not present, so skipping root file system
[    6.174754] EXT4-fs (sda1): mounted filesystem with ordered data mode. Opts: (null)
done.
Begin: Running /scripts/local-bottom ... done.
Begin: Running /scripts/init-bottom ... done.
[    6.243504] systemd[1]: systemd 229 running in system mode. (+PAM +AUDIT +SELINUX +IMA +APPARMOR +SMACK +SYSVINIT +UTMP +LIBCRYPTSETUP +GCRYPT +GNUTLS +ACL +XZ -LZ4 +SECCOMP +BLKID +ELFUTILS +KMOD -IDN)
[    6.246151] systemd[1]: Detected virtualization oracle.
[    6.246950] systemd[1]: Detected architecture x86-64.

Welcome to [1mUbuntu 16.04.6 LTS[0m!

[    6.250150] systemd[1]: Set hostname to <ubuntu-xenial>.
[    6.340105] systemd[1]: Reached target Swap.
[[0;32m  OK  [0m] Reached target Swap.
[    6.347591] systemd[1]: Set up automount Arbitrary Executable File Formats File System Automount Point.
[[0;32m  OK  [0m] Set up automount Arbitrary Executab...ats File System Automount Point.
[    6.356530] systemd[1]: Reached target User and Group Name Lookups.
[[0;32m  OK  [0m] Reached target User and Group Name Lookups.
[    6.358312] systemd[1]: Listening on Journal Audit Socket.
[[0;32m  OK  [0m] Listening on Journal Audit Socket.
[    6.359737] systemd[1]: Listening on Journal Socket.
[[0;32m  OK  [0m] Listening on Journal Socket.
[    6.367504] systemd[1]: Listening on udev Control Socket.
[[0;32m  OK  [0m] Listening on udev Control Socket.
[    6.368946] systemd[1]: Reached target System Time Synchronized.
[[0;32m  OK  [0m] Reached target System Time Synchronized.
[    6.376240] systemd[1]: Listening on LVM2 poll daemon socket.
[[0;32m  OK  [0m] Listening on LVM2 poll daemon socket.
[    6.377689] systemd[1]: Reached target Encrypted Volumes.
[[0;32m  OK  [0m] Reached target Encrypted Volumes.
[    6.379158] systemd[1]: Listening on Journal Socket (/dev/log).
[[0;32m  OK  [0m] Listening on Journal Socket (/dev/log).
[    6.380784] systemd[1]: Listening on Syslog Socket.
[[0;32m  OK  [0m] Listening on Syslog Socket.
[    6.381921] systemd[1]: Listening on LVM2 metadata daemon socket.
[[0;32m  OK  [0m] Listening on LVM2 metadata daemon socket.
[    6.383247] systemd[1]: Listening on /dev/initctl Compatibility Named Pipe.
[[0;32m  OK  [0m] Listening on /dev/initctl Compatibility Named Pipe.
[    6.384805] systemd[1]: Started Trigger resolvconf update for networkd DNS.
[[0;32m  OK  [0m] Started Trigger resolvconf update for networkd DNS.
[    6.386471] systemd[1]: Created slice System Slice.
[[0;32m  OK  [0m] Created slice System Slice.
[    6.403708] systemd[1]: Starting Uncomplicated firewall...
         Starting Uncomplicated firewall...
[    6.406931] systemd[1]: Created slice system-serial\x2dgetty.slice.
[[0;32m  OK  [0m] Created slice system-serial\x2dgetty.slice.
[    6.408858] systemd[1]: Starting Create list of required static device nodes for the current kernel...
         Starting Create list of required st... nodes for the current kernel...
[    6.411439] systemd[1]: Starting Journal Service...
         Starting Journal Service...
[    6.412830] systemd[1]: Mounting Debug File System...
         Mounting Debug File System...
[    6.414289] systemd[1]: Mounting POSIX Message Queue File System...
         Mounting POSIX Message Queue File System...
[    6.418701] systemd[1]: Starting Load Kernel Modules...
         Starting Load Kernel Modules...
[    6.424190] systemd[1]: Starting Set console keymap...
         Starting Set console keymap...
[    6.425837] systemd[1]: Starting Nameserver information manager...
         Starting Nameserver information manager...
[    6.429535] Loading iSCSI transport class v2.0-870.
[    6.431800] systemd[1]: Mounting Huge Pages File System...
         Mounting Huge Pages File System...
[    6.435464] iscsi: registered transport (tcp)
[    6.439723] systemd[1]: Created slice User and Session Slice.
[[0;32m  OK  [0m] Created slice User and Session Slice.
[    6.447438] systemd[1]: Reached target Slices.
[[0;32m  OK  [0m] Reached target Slices.
[    6.456005] systemd[1]: Starting Remount Root and Kernel File Systems...
         Starting Remount Root and Kernel File Systems...
[    6.457763] systemd[1]: Listening on Device-mapper event daemon FIFOs.
[    6.457814] iscsi: registered transport (iser)
[    6.458501] EXT4-fs (sda1): re-mounted. Opts: (null)
[[0;32m  OK  [0m] Listening on Device-mapper event daemon FIFOs.
[    6.461005] systemd[1]: Starting Monitoring of LVM2 mirrors, snapshots etc. using dmeventd or progress polling...
         Starting Monitoring of LVM2 mirrors... dmeventd or progress polling...
[    6.463209] systemd[1]: Listening on udev Kernel Socket.
[[0;32m  OK  [0m] Listening on udev Kernel Socket.
[    6.464488] systemd[1]: Started Forward Password Requests to Wall Directory Watch.
[[0;32m  OK  [0m] Started Forward Password Requests to Wall Directory Watch.
[    6.466964] systemd[1]: Mounted Huge Pages File System.
[[0;32m  OK  [0m] Mounted Huge Pages File System.
[    6.468418] systemd[1]: Mounted POSIX Message Queue File System.
[[0;32m  OK  [0m] Mounted POSIX Message Queue File System.
[    6.469748] systemd[1]: Mounted Debug File System.
[[0;32m  OK  [0m] Mounted Debug File System.
[    6.470944] systemd[1]: Started Journal Service.
[[0;32m  OK  [0m] Started Journal Service.
[[0;32m  OK  [0m] Started Uncomplicated firewall.
[[0;32m  OK  [0m] Started Create list of required sta...ce nodes for the current kernel.
[[0;32m  OK  [0m] Started Load Kernel Modules.
[[0;32m  OK  [0m] Started Set console keymap.
[[0;32m  OK  [0m] Started Remount Root and Kernel File Systems.
[[0;32m  OK  [0m] Started Nameserver information manager.
[[0;32m  OK  [0m] Started LVM2 metadata daemon.
         Starting Load/Save Random Seed...
         Starting udev Coldplug all Devices...
         Mounting FUSE Control File System...
         Starting Apply Kernel Variables...
         Starting Create Static Device Nodes in /dev...
         Starting Flush Journal to Persistent Storage...
[[0;32m  OK  [0m] Mounted FUSE Control File System.
[[0;32m  OK  [0m] Started Load/Save Random Seed.
[    6.500246] systemd-journald[392]: Received request to flush runtime journal from PID 1
[[0;32m  OK  [0m] Started Flush Journal to Persistent Storage.
[[0;32m  OK  [0m] Started Apply Kernel Variables.
[[0;32m  OK  [0m] Started Create Static Device Nodes in /dev.
         Starting udev Kernel Device Manager...
[[0;32m  OK  [0m] Started udev Coldplug all Devices.
[[0;32m  OK  [0m] Started udev Kernel Device Manager.
[[0;32m  OK  [0m] Started Dispatch Password Requests to Console Directory Watch.
[[0;32m  OK  [0m] Found device /dev/ttyS0.
[[0;32m  OK  [0m] Listening on Load/Save RF Kill Switch Status /dev/rfkill Watch.
[[0;32m  OK  [0m] Started Monitoring of LVM2 mirrors,...ng dmeventd or progress polling.
[[0;32m  OK  [0m] Reached target Local File Systems (Pre).
[[0;32m  OK  [0m] Reached target Local File Systems.
         Starting Tell Plymouth To Write Out Runtime Data...
         Starting Initial cloud-init job (pre-networking)...
         Starting LSB: AppArmor initialization...
         Starting Create Volatile Files and Directories...
         Starting Set console font and keymap...
[[0;32m  OK  [0m] Started Tell Plymouth To Write Out Runtime Data.
[[0;32m  OK  [0m] Started Create Volatile Files and Directories.
         Starting Update UTMP about System Boot/Shutdown...
[[0;32m  OK  [0m] Started Update UTMP about System Boot/Shutdown.
[[0;32m  OK  [0m] Found device 82540EM Gigabit Ethern...r (PRO/1000 MT Desktop Adapter).
[[0;32m  OK  [0m] Found device 82540EM Gigabit Ethern...r (PRO/1000 MT Desktop Adapter).
[[0;32m  OK  [0m] Started LSB: AppArmor initialization.
[[0;32m  OK  [0m] Started Set console font and keymap.
[[0;32m  OK  [0m] Created slice system-getty.slice.
[    7.213411] cloud-init[660]: Cloud-init v. 19.3-41-gc4735dd3-0ubuntu1~16.04.1 running 'init-local' at Wed, 07 Jul 2021 16:37:26 +0000. Up 7.05 seconds.
[[0;32m  OK  [0m] Started Initial cloud-init job (pre-networking).
[[0;32m  OK  [0m] Reached target Network (Pre).
[[0;32m  OK  [0m] Started ifup for enp0s8.
[[0;32m  OK  [0m] Started ifup for enp0s3.
         Starting Raise network interfaces...
[[0;32m  OK  [0m] Started Raise network interfaces.
[[0;32m  OK  [0m] Reached target Network.
         Starting Initial cloud-init job (metadata service crawler)...
[    7.638397] cloud-init[1100]: Cloud-init v. 19.3-41-gc4735dd3-0ubuntu1~16.04.1 running 'init' at Wed, 07 Jul 2021 16:37:27 +0000. Up 7.49 seconds.
[    7.645035] cloud-init[1100]: ci-info: ++++++++++++++++++++++++++++++++++++++Net device info+++++++++++++++++++++++++++++++++++++++
[    7.646110] cloud-init[1100]: ci-info: +--------+------+-----------------------------+---------------+--------+-------------------+
[    7.656754] cloud-init[1100]: ci-info: | Device |  Up  |           Address           |      Mask     | Scope  |     Hw-Address    |
[    7.664814] [cloud-init[0;32m  OK  [0m[1100]: ] ci-info: +--------+------+-----------------------------+---------------+--------+-------------------+Started Initial cloud-init job (metadata service crawler).

[[    7.664956] [0;32m  OK  [0mcloud-init] [1100]: Reached target System Initialization.ci-info: | enp0s3 | True |          10.0.2.15          | 255.255.255.0 | global | 02:bf:1c:77:ff:98 |

[    7.667663]          cloud-initStarting Docker Socket for the API.[1100]: 
ci-info: | enp0s3 | True |  fe80::bf:1cff:fe77:ff98/64 |       .       |  link  | 02:bf:1c:77:ff:98 |
[    7.668978] cloud-init[1100]: ci-info: | enp0s8 | True |        192.168.33.81        | 255.255.255.0 | global | 08:00:27:bc:d2:aa |
[    7.670020]          cloud-initStarting LXD - unix socket.[1100]: 
ci-info: | enp0s8 | True | fe80::a00:27ff:febc:d2aa/64 |       .       |  link  | 08:00:27:bc:d2:aa |
[    7.671305] [cloud-init[0;32m  OK  [0m[1100]: ] ci-info: |   lo   | True |          127.0.0.1          |   255.0.0.0   |  host  |         .         |Listening on UUID daemon activation socket.

[    7.671429] cloud-init[1100]: ci-info: |   lo   | True |           ::1/128           |       .       |  host  |         .         |
[    7.673766] [cloud-init[0;32m  OK  [0m[1100]: ] ci-info: +--------+------+-----------------------------+---------------+--------+-------------------+Started Message of the Day.

[    7.673873] cloud-init[1100]: ci-info: ++++++++++++++++++++++++++++Route IPv4 info++++++++++++++++++++++++++++
[    7.675960] cloud-init[1100]: ci-info: +-------+--------------+----------+---------------+-----------+-------+
[    7.676888] [cloud-init[0;32m  OK  [0m[1100]: ] ci-info: | Route | Destination  | Gateway  |    Genmask    | Interface | Flags |Started ACPI Events Check.

[    7.677030] [cloud-init[0;32m  OK  [0m[1100]: ] ci-info: +-------+--------------+----------+---------------+-----------+-------+Reached target Paths.

[    7.678210] [cloud-init[0;32m  OK  [0m[1100]: ] ci-info: |   0   |   0.0.0.0    | 10.0.2.2 |    0.0.0.0    |   enp0s3  |   UG  |Started Daily Cleanup of Temporary Directories.

[    7.679352] [cloud-init[0;32m  OK  [0m[1100]: ] ci-info: |   1   |   10.0.2.0   | 0.0.0.0  | 255.255.255.0 |   enp0s3  |   U   |Listening on D-Bus System Message Bus Socket.

         [    7.680674] Starting Socket activation for snappy daemon.cloud-init
[1100]: ci-info: |   2   | 192.168.33.0 | 0.0.0.0  | 255.255.255.0 |   enp0s8  |   U   |
[    7.683078] [cloud-init[0;32m  OK  [0m[1100]: ] ci-info: +-------+--------------+----------+---------------+-----------+-------+Listening on ACPID Listen Socket.

[[    7.683196] [0;32m  OK  [0mcloud-init] [1100]: Started Daily apt download activities.ci-info: +++++++++++++++++++Route IPv6 info+++++++++++++++++++

[    7.685601] [cloud-init[0;32m  OK  [0m[1100]: ] ci-info: +-------+-------------+---------+-----------+-------+Started Daily apt upgrade and clean activities.

[    7.685728] [cloud-init[0;32m  OK  [0m[1100]: ] ci-info: | Route | Destination | Gateway | Interface | Flags |Reached target Timers.

[    7.687016] [cloud-init[0;32m  OK  [0m[1100]: ] ci-info: +-------+-------------+---------+-----------+-------+Reached target Network is Online.

[    7.687955] cloud-init[1100]: ci-info: |   0   |  fe80::/64  |    ::   |   enp0s8  |   U   |
[    7.691990] cloud-init[1100]: ci-info: |   1   |  fe80::/64  |    ::   |   enp0s3  |   U   |
[    7.692915] cloud-init[1100]: ci-info: |   4   |   ff00::/8  |    ::   |   enp0s8  |   U   |
[    7.693696] cloud-init[1100]: ci-info: |   5   |   ff00::/8  |    ::   |   enp0s3  |   U   |
[    7.694510] cloud-init[1100]: ci-info: +-------+-------------+---------+-----------+-------+
         Starting iSCSI initiator daemon (iscsid)...
[[0;32m  OK  [0m] Reached target Cloud-config availability.
[[0;32m  OK  [0m] Listening on Docker Socket for the API.
[[0;32m  OK  [0m] Listening on LXD - unix socket.
[[0;32m  OK  [0m] Listening on Socket activation for snappy daemon.
[[0;32m  OK  [0m] Reached target Sockets.
[[0;32m  OK  [0m] Reached target Basic System.
[[0;32m  OK  [0m] Started ACPI event daemon.
[[0;32m  OK  [0m] Started D-Bus System Message Bus.
         Starting System Logging Service...
         Starting Virtualbox guest utils...
         Starting LSB: Record successful boot for GRUB...
[[0;32m  OK  [0m] Started FUSE filesystem for LXC.
         Starting Snappy daemon...
         Starting LXD - container startup/shutdown...
[[0;32m  OK  [0m] Started Regular background program processing daemon.
         Starting containerd container runtime...
         Starting OpenBSD Secure Shell server...
         Starting Login Service...
[[0;32m  OK  [0m] Started Deferred execution scheduler.
         Starting LSB: MD monitoring daemon...
         Starting Accounts Service...
         Starting /etc/rc.local Compatibility...
[[0;32m  OK  [0m] Started System Logging Service.
[[0;32m  OK  [0m] Started iSCSI initiator daemon (iscsid).
[[0;32m  OK  [0m] Started /etc/rc.local Compatibility.
         Starting Login to default iSCSI targets...
[[0;32m  OK  [0m] Started Login Service.
[[0;32m  OK  [0m] Started Unattended Upgrades Shutdown.
[[0;32m  OK  [0m] Started Login to default iSCSI targets.
[[0;32m  OK  [0m] Reached target Remote File Systems (Pre).
[[0;32m  OK  [0m] Reached target Remote File Systems.
         Starting LSB: automatic crash report generation...
         Starting Permit User Sessions...
         Starting LSB: Set the CPU Frequency Scaling governor to "ondemand"...
         Starting LSB: daemon to balance interrupts for SMP systems...
[[0;32m  OK  [0m] Started LSB: Record successful boot for GRUB.
[[0;32m  OK  [0m] Started LSB: MD monitoring daemon.
[[0;32m  OK  [0m] Started Permit User Sessions.
         Starting Hold until boot process finishes up...
         Starting Terminate Plymouth Boot Screen...
[[0;32m  OK  [0m] Started OpenBSD Secure Shell server.
[[0;32m  OK  [0m] Started Hold until boot process finishes up.
         Starting Authenticate and Authorize Users to Run Privileged Tasks...
         Starting Set console scheme...
[[0;32m  OK  [0m] Started Getty on tty1.
[[0;32m  OK  [0m] Started Serial Getty on ttyS0.
[[0;32m  OK  [0m] Reached target Login Prompts.
[[0;32m  OK  [0m] Started LSB: automatic crash report generation.
[[0;32m  OK  [0m] Started LSB: Set the CPU Frequency Scaling governor to "ondemand".
[[0;32m  OK  [0m] Started Virtualbox guest utils.
[[0;32m  OK  [0m] Started LSB: daemon to balance interrupts for SMP systems.
[[0;32m  OK  [0m] Started Terminate Plymouth Boot Screen.
[[0;32m  OK  [0m] Started Set console scheme.
[[0;32m  OK  [0m] Started Authenticate and Authorize Users to Run Privileged Tasks.
[[0;32m  OK  [0m] Started Accounts Service.
[[0;32m  OK  [0m] Started LXD - container startup/shutdown.
[[0;32m  OK  [0m] Started Snappy daemon.
         Starting Wait until snapd is fully seeded...
[[0;32m  OK  [0m] Started Wait until snapd is fully seeded.
         Starting Apply the settings specified in cloud-config...
[[0;32m  OK  [0m] Started containerd container runtime.
         Starting Docker Application Container Engine...
[    8.283444] cloud-init[1371]: Cloud-init v. 19.3-41-gc4735dd3-0ubuntu1~16.04.1 running 'modules:config' at Wed, 07 Jul 2021 16:37:28 +0000. Up 8.22 seconds.
[[0;32m  OK  [0m] Started Apply the settings specified in cloud-config.
[[0;32m  OK  [0m] Started Docker Application Container Engine.
[[0;32m  OK  [0m] Reached target Multi-User System.
[[0;32m  OK  [0m] Reached target Graphical Interface.
         Starting Execute cloud user/final scripts...
         Starting Update UTMP about System Runlevel Changes...
[[0;32m  OK  [0m] Started Update UTMP about System Runlevel Changes.
[    9.742512] cloud-init[2224]: Cloud-init v. 19.3-41-gc4735dd3-0ubuntu1~16.04.1 running 'modules:final' at Wed, 07 Jul 2021 16:37:29 +0000. Up 9.68 seconds.
[    9.743421] cloud-init[2224]: Cloud-init v. 19.3-41-gc4735dd3-0ubuntu1~16.04.1 finished at Wed, 07 Jul 2021 16:37:29 +0000. Datasource DataSourceNoCloud [seed=/dev/sdb][dsmode=net].  Up 9.73 seconds
[[0;32m  OK  [0m] Started Execute cloud user/final scripts.
[[0;32m  OK  [0m] Reached target Cloud-init target.

Ubuntu 16.04.6 LTS ubuntu-xenial ttyS0

ubuntu-xenial login: 